Arguments: 
  /opt/node-v9.8.0/bin/node /usr/share/yarn/bin/yarn.js add puppetter

PATH: 
  /home/jason/bin:/home/jason/.local/bin:/usr/local/sbin:/usr/local/bin:/usr/sbin:/usr/bin:/sbin:/bin:/usr/games:/usr/local/games:/opt/jdk-9.0.4:/home/jason/.yarn/bin:/usr/local/go/bin

Yarn version: 
  1.5.1

Node version: 
  9.8.0

Platform: 
  linux x64

npm manifest: 
  {
    "name": "meizitu",
    "version": "1.0.0",
    "main": "index.js",
    "license": "MIT"
  }

yarn manifest: 
  No manifest

Lockfile: 
  No lockfile

Trace: 
  Error: Couldn't find package "puppetter" on the "npm" registry.
      at new MessageError (/usr/share/yarn/lib/cli.js:186:110)
      at NpmResolver.<anonymous> (/usr/share/yarn/lib/cli.js:51625:15)
      at Generator.next (<anonymous>)
      at step (/usr/share/yarn/lib/cli.js:98:30)
      at /usr/share/yarn/lib/cli.js:109:13
      at <anonymous>
      at process._tickCallback (internal/process/next_tick.js:118:7)
